-------------------------------------------------------------------------------
Test set: com.example.nvpproject.NvpProjectApplicationTests
-------------------------------------------------------------------------------
Tests run: 1, Failures: 0, Errors: 1, Skipped: 0, Time elapsed: 6.916 s <<< FAILURE! - in com.example.nvpproject.NvpProjectApplicationTests
contextLoads  Time elapsed: 0.004 s  <<< ERROR!
java.lang.IllegalStateException: Failed to load ApplicationContext
Caused by: org.springframework.beans.factory.BeanCreationException: Error creating bean with name 'entityManagerFactory' defined in class path resource [org/springframework/boot/autoconfigure/orm/jpa/HibernateJpaConfiguration.class]: Invocation of init method failed; nested exception is javax.persistence.PersistenceException: [PersistenceUnit: default] Unable to build Hibernate SessionFactory; nested exception is org.hibernate.exception.JDBCConnectionException: Unable to open JDBC Connection for DDL execution
Caused by: javax.persistence.PersistenceException: [PersistenceUnit: default] Unable to build Hibernate SessionFactory; nested exception is org.hibernate.exception.JDBCConnectionException: Unable to open JDBC Connection for DDL execution
Caused by: org.hibernate.exception.JDBCConnectionException: Unable to open JDBC Connection for DDL execution
Caused by: java.sql.SQLNonTransientConnectionException: Could not create connection to database server.
Caused by: java.lang.RuntimeException: Unable to obtain credentials to communicate with the Cloud SQL API
Caused by: java.io.IOException: Error reading credential file from environment variable GOOGLE_APPLICATION_CREDENTIALS, value '/home/anas/Downloads/client_secret_177174583957-ccbun9972l9dttl57s60sabtadtghf7f.apps.googleusercontent.com.json': Error reading credentials from stream, 'type' field not specified.
Caused by: java.io.IOException: Error reading credentials from stream, 'type' field not specified.

